-------------------------------------------------------------------------------
Test set: com.java.ATS_Exam.SimpleWebAppTests
-------------------------------------------------------------------------------
Tests run: 6, Failures: 1, Errors: 0, Skipped: 0, Time elapsed: 20.682 s <<< FAILURE! - in com.java.ATS_Exam.SimpleWebAppTests
testHomeIndex  Time elapsed: 0.012 s  <<< FAILURE!
org.junit.ComparisonFailure: expected:<[index]> but was:<[login]>
	at com.java.ATS_Exam.SimpleWebAppTests.testHomeIndex(SimpleWebAppTests.java:29)

